[2016-05-25 23:32:49] START
[2016-05-26 15:32:45] EDIT sigesc/controllers/default.py: 2
[2016-05-26 15:34:54] EDIT sigesc/controllers/default.py: 0
[2016-05-26 15:36:00] EDIT sigesc/controllers/default.py: 0
[2016-05-26 15:43:20] EDIT sigesc/controllers/default.py: 0
[2016-05-26 15:46:19] EDIT sigesc/controllers/default.py: 0
[2016-05-26 17:05:39] EDIT sigesc/controllers/default.py: 0
[2016-05-26 17:09:07] EDIT sigesc/controllers/default.py: 1
[2016-05-26 17:09:27] EDIT sigesc/controllers/default.py: 0
[2016-05-26 17:10:29] EDIT sigesc/controllers/default.py: 0
[2016-05-26 17:11:09] EDIT sigesc/controllers/default.py: 0
[2016-05-26 17:11:47] EDIT sigesc/controllers/default.py: 0
[2016-05-26 17:12:20] EDIT sigesc/controllers/default.py: 0
[2016-05-26 17:12:43] EDIT sigesc/controllers/default.py: 0
[2016-05-26 17:13:15] EDIT sigesc/controllers/default.py: 0
[2016-05-26 17:14:34] EDIT sigesc/controllers/default.py: 0
[2016-05-26 17:18:03] EDIT sigesc/controllers/default.py: 0
[2016-05-26 17:19:21] EDIT sigesc/controllers/default.py: 0
[2016-05-26 17:19:39] EDIT sigesc/controllers/default.py: 0
[2016-05-26 17:20:13] EDIT sigesc/controllers/default.py: 0
[2016-05-26 17:20:53] EDIT sigesc/controllers/default.py: 0
[2016-05-26 17:21:27] EDIT sigesc/controllers/default.py: 0
[2016-05-26 17:21:55] EDIT sigesc/controllers/default.py: 0
[2016-05-26 17:23:44] EDIT sigesc/controllers/default.py: 1
[2016-05-26 17:25:04] EDIT sigesc/controllers/default.py: 0
[2016-05-26 17:25:36] EDIT sigesc/controllers/default.py: 0
[2016-05-26 17:30:53] EDIT sigesc/controllers/default.py: 0
[2016-05-26 17:38:09] EDIT sigesc/controllers/default.py: -7
[2016-05-26 17:38:26] EDIT sigesc/controllers/default.py: 0
[2016-05-26 17:41:06] EDIT sigesc/controllers/default.py: 0
[2016-05-26 17:48:58] EDIT sigesc/controllers/default.py: 1
[2016-05-26 17:51:40] EDIT sigesc/controllers/default.py: 1
[2016-05-26 17:53:28] EDIT sigesc/controllers/default.py: 0
[2016-05-26 17:54:09] EDIT sigesc/controllers/default.py: 0
[2016-05-26 17:54:52] EDIT sigesc/controllers/default.py: 0
[2016-05-26 19:41:59] EDIT SIGESC/controllers/default.py: 3
[2016-05-26 19:45:15] EDIT SIGESC/controllers/default.py: 0
[2016-05-26 19:46:19] EDIT SIGESC/controllers/default.py: 0
[2016-05-26 19:53:35] EDIT SIGESC/controllers/default.py: 0
[2016-05-26 19:53:42] EDIT SIGESC/controllers/default.py: 0
[2016-05-26 19:55:04] EDIT SIGESC/controllers/default.py: 0
[2016-05-26 19:58:06] EDIT SIGESC/controllers/default.py: 1
[2016-05-26 20:00:23] EDIT SIGESC/controllers/default.py: 0
[2016-05-26 20:04:13] EDIT SIGESC/controllers/default.py: -2
[2016-05-26 20:07:50] EDIT SIGESC/controllers/default.py: 0
[2016-05-26 20:15:38] EDIT SIGESC/controllers/default.py: -2
[2016-05-26 20:21:43] EDIT SIGESC/controllers/default.py: 0
[2016-05-26 21:44:42] EDIT SIGESC/controllers/default.py: 0
[2016-05-27 17:11:06] EDIT SIGESC/controllers/default.py: 0
[2016-05-27 17:13:31] EDIT SIGESC/controllers/default.py: 0
[2016-05-27 17:23:22] EDIT SIGESC/views/default/retirar_proyecto.html: 2
[2016-05-27 17:27:47] EDIT SIGESC/controllers/default.py: 0
[2016-05-27 17:28:52] EDIT SIGESC/controllers/default.py: 0
[2016-05-27 18:01:30] EDIT SIGESC/views/default/retirar_proyecto.html: 0
[2016-05-27 18:02:58] CREATE retiro.html: 0
[2016-05-27 18:05:36] EDIT SIGESC/views/default/retirar_proyecto.html: 0
[2016-05-27 18:09:46] EDIT SIGESC/controllers/default.py: 1
[2016-05-27 18:10:58] EDIT SIGESC/controllers/default.py: 0
[2016-05-27 18:11:27] EDIT SIGESC/views/default/retirar_proyecto.html: 0
[2016-05-27 18:12:18] EDIT SIGESC/views/default/retirar_proyecto.html: 0
[2016-05-27 18:12:38] EDIT SIGESC/controllers/default.py: 0
[2016-05-27 18:12:56] EDIT SIGESC/controllers/default.py: 0
[2016-05-27 18:15:35] EDIT SIGESC/controllers/default.py: 0
[2016-05-27 18:18:05] EDIT SIGESC/controllers/default.py: 1
[2016-05-27 18:58:51] EDIT SIGESC/views/base.html: 0
[2016-05-27 19:18:55] EDIT SIGESC/views/default/home.html: 0
[2016-05-27 19:26:56] EDIT SIGESC/views/default/home.html: 1
[2016-05-27 19:27:23] EDIT SIGESC/views/default/home.html: 1
[2016-05-27 19:27:53] EDIT SIGESC/views/default/home.html: -2
[2016-05-27 19:31:17] EDIT SIGESC/controllers/default.py: 0
[2016-05-27 19:31:33] EDIT SIGESC/controllers/default.py: 0
[2016-05-27 19:35:54] EDIT SIGESC/controllers/default.py: 0
[2016-05-27 19:38:34] EDIT SIGESC/controllers/default.py: 0
[2016-05-27 19:41:05] EDIT SIGESC/controllers/default.py: 0
[2016-05-27 22:20:55] EDIT SIGESC/controllers/default.py: 0
[2016-05-27 22:21:20] EDIT SIGESC/controllers/default.py: 0
[2016-05-27 22:25:52] EDIT SIGESC/views/default/estudianteCursa.html: 0
[2016-05-27 22:26:46] EDIT SIGESC/views/default/estudianteCursa.html: 1
[2016-05-27 22:29:03] EDIT SIGESC/views/default/estudianteCursa.html: 0
[2016-05-27 22:29:51] EDIT SIGESC/views/default/estudianteCursa.html: 0
[2016-05-27 22:30:12] EDIT SIGESC/views/default/estudianteCursa.html: 0
[2016-05-27 22:31:31] EDIT SIGESC/views/default/estudianteCursa.html: 0
[2016-05-27 22:31:55] EDIT SIGESC/views/default/estudianteCursa.html: 0
[2016-05-27 22:32:13] EDIT SIGESC/views/default/estudianteCursa.html: 0
[2016-05-27 22:32:42] EDIT SIGESC/views/default/estudianteCursa.html: 0
[2016-05-27 22:33:15] EDIT SIGESC/views/default/estudianteCursa.html: 0
[2016-05-27 22:33:58] EDIT SIGESC/views/default/estudianteCursa.html: 0
[2016-05-27 22:34:22] EDIT SIGESC/views/default/estudianteCursa.html: -1
[2016-05-27 22:58:55] EDIT SIGESC/views/default/retirar_proyecto.html: 0
[2016-05-27 23:03:12] EDIT SIGESC/views/default/retirar_proyecto.html: 0
[2016-05-27 23:04:36] EDIT SIGESC/views/default/retirar_proyecto.html: 0
[2016-05-27 23:07:13] EDIT SIGESC/views/default/retirar_proyecto.html: 0
[2016-05-27 23:07:39] EDIT SIGESC/views/default/retirar_proyecto.html: 0
[2016-05-28 23:34:01] EDIT SIGESC/views/default/retirar_proyecto.html: 0
[2016-05-28 23:35:21] EDIT SIGESC/views/default/retirar_proyecto.html: 0
[2016-05-29 00:00:40] EDIT SIGESC/controllers/default.py: 2
[2016-05-29 00:01:40] EDIT SIGESC/controllers/default.py: 0
[2016-05-29 00:02:20] EDIT SIGESC/controllers/default.py: 0
[2016-05-29 00:03:46] EDIT SIGESC/controllers/default.py: 0
[2016-05-29 00:07:10] EDIT SIGESC/controllers/default.py: -7
[2016-05-29 00:09:31] EDIT SIGESC/views/default/vista_estudiante.html: 0
[2016-05-29 00:10:23] EDIT SIGESC/views/default/vista_estudiante.html: 0
[2016-06-09 22:12:34] EDIT SIGESC/views/default/home.html: 0
[2016-06-09 22:20:36] EDIT SIGESC/views/default/retirar_proyecto.html: 0
[2016-06-09 22:24:09] EDIT SIGESC/controllers/default.py: 4
[2016-06-09 22:24:21] EDIT SIGESC/controllers/default.py: 0
[2016-06-09 22:25:01] EDIT SIGESC/controllers/default.py: -55
[2016-06-09 22:34:00] EDIT SIGESC/controllers/default.py: 4
[2016-06-09 22:34:50] EDIT SIGESC/controllers/default.py: 0
[2016-06-09 22:36:29] EDIT SIGESC/controllers/default.py: 0
[2016-06-09 22:41:39] EDIT SIGESC/controllers/default.py: 16
[2016-06-09 22:42:54] EDIT SIGESC/controllers/default.py: 1
[2016-06-09 22:52:05] EDIT SIGESC/controllers/default.py: 4
[2016-06-09 22:55:50] EDIT SIGESC/views/default/vista_estudiante.html: 2
[2016-06-09 22:57:38] EDIT SIGESC/views/default/vista_estudiante.html: 0
[2016-06-09 22:58:34] EDIT SIGESC/views/default/vista_estudiante.html: 0
[2016-06-09 22:59:02] EDIT SIGESC/views/default/vista_estudiante.html: 0
[2016-06-09 23:03:02] EDIT SIGESC/controllers/default.py: 1
[2016-06-09 23:04:16] EDIT SIGESC/controllers/default.py: 0
[2016-06-09 23:04:51] EDIT SIGESC/controllers/default.py: 0
[2016-06-09 23:06:10] EDIT SIGESC/controllers/default.py: 0
[2016-06-09 23:11:07] EDIT SIGESC/controllers/default.py: 1
[2016-06-09 23:11:17] EDIT SIGESC/controllers/default.py: 0
[2016-06-09 23:13:02] EDIT SIGESC/controllers/default.py: 0
[2016-06-09 23:16:10] EDIT SIGESC/controllers/default.py: 4
[2016-06-09 23:16:36] EDIT SIGESC/controllers/default.py: -1
[2016-06-09 23:16:48] EDIT SIGESC/controllers/default.py: 0
[2016-06-09 23:17:47] EDIT SIGESC/controllers/default.py: 1
[2016-06-09 23:17:55] EDIT SIGESC/controllers/default.py: 0
[2016-06-09 23:20:12] EDIT SIGESC/controllers/default.py: 3
