timestamp: 2016-10-27T19:28:50.605838
CREATE TABLE t_estado(
    id INTEGER PRIMARY KEY AUTOINCREMENT,
    f_nombre CHAR(512) NOT NULL
);
success!
timestamp: 2016-10-27T19:28:51.471043
CREATE TABLE t_estado_archive(
    id INTEGER PRIMARY KEY AUTOINCREMENT,
    f_nombre CHAR(512) NOT NULL,
    current_record INTEGER REFERENCES t_estado (id) ON DELETE CASCADE  
);
success!
timestamp: 2016-10-27T19:28:52.151591
CREATE TABLE auth_user(
    id INTEGER PRIMARY KEY AUTOINCREMENT,
    first_name CHAR(128),
    last_name CHAR(128),
    email CHAR(512),
    username CHAR(128),
    password CHAR(512),
    registration_key CHAR(512),
    reset_password_key CHAR(512),
    registration_id CHAR(512),
    f_tipo CHAR(512) NOT NULL DEFAULT 'Externo',
    f_direccion TEXT,
    f_cedula CHAR(512) UNIQUE,
    f_telefono CHAR(512),
    f_sexo CHAR(512),
    f_estado INTEGER REFERENCES t_estado (id) ON DELETE CASCADE  ,
    f_foto CHAR(512),
    f_confirmado CHAR(1)
);
success!
timestamp: 2016-10-27T19:28:52.429518
CREATE TABLE auth_group(
    id INTEGER PRIMARY KEY AUTOINCREMENT,
    role CHAR(512),
    description TEXT
);
success!
timestamp: 2016-10-27T19:28:52.719943
CREATE TABLE auth_membership(
    id INTEGER PRIMARY KEY AUTOINCREMENT,
    user_id INTEGER REFERENCES auth_user (id) ON DELETE CASCADE  ,
    group_id INTEGER REFERENCES auth_group (id) ON DELETE CASCADE  
);
success!
timestamp: 2016-10-27T19:28:52.932224
CREATE TABLE auth_permission(
    id INTEGER PRIMARY KEY AUTOINCREMENT,
    group_id INTEGER REFERENCES auth_group (id) ON DELETE CASCADE  ,
    name CHAR(512),
    table_name CHAR(512),
    record_id INTEGER
);
success!
timestamp: 2016-10-27T19:28:53.257541
CREATE TABLE auth_event(
    id INTEGER PRIMARY KEY AUTOINCREMENT,
    time_stamp TIMESTAMP,
    client_ip CHAR(512),
    user_id INTEGER REFERENCES auth_user (id) ON DELETE CASCADE  ,
    origin CHAR(512),
    description TEXT
);
success!
timestamp: 2016-10-27T19:28:53.545839
CREATE TABLE auth_cas(
    id INTEGER PRIMARY KEY AUTOINCREMENT,
    user_id INTEGER REFERENCES auth_user (id) ON DELETE CASCADE  ,
    created_on TIMESTAMP,
    service CHAR(512),
    ticket CHAR(512),
    renew CHAR(1)
);
success!
timestamp: 2016-10-27T19:28:53.744253
CREATE TABLE t_sede(
    id INTEGER PRIMARY KEY AUTOINCREMENT,
    f_nombre CHAR(512) NOT NULL,
    f_estado CHAR(512) NOT NULL DEFAULT 'Activo',
    is_active CHAR(1),
    created_on TIMESTAMP,
    created_by INTEGER REFERENCES auth_user (id) ON DELETE CASCADE  ,
    modified_on TIMESTAMP,
    modified_by INTEGER REFERENCES auth_user (id) ON DELETE CASCADE  
);
success!
timestamp: 2016-10-27T19:28:53.961169
CREATE TABLE t_sede_archive(
    id INTEGER PRIMARY KEY AUTOINCREMENT,
    f_nombre CHAR(512) NOT NULL,
    f_estado CHAR(512) NOT NULL DEFAULT 'Activo',
    is_active CHAR(1),
    created_on TIMESTAMP,
    created_by INTEGER REFERENCES auth_user (id) ON DELETE CASCADE  ,
    modified_on TIMESTAMP,
    modified_by INTEGER REFERENCES auth_user (id) ON DELETE CASCADE  ,
    current_record INTEGER REFERENCES t_sede (id) ON DELETE CASCADE  
);
success!
timestamp: 2016-10-27T19:28:54.351266
CREATE TABLE t_comunidad(
    id INTEGER PRIMARY KEY AUTOINCREMENT,
    f_nombre CHAR(512) NOT NULL,
    f_estad CHAR(512) NOT NULL DEFAULT 'Activo',
    is_active CHAR(1),
    created_on TIMESTAMP,
    created_by INTEGER REFERENCES auth_user (id) ON DELETE CASCADE  ,
    modified_on TIMESTAMP,
    modified_by INTEGER REFERENCES auth_user (id) ON DELETE CASCADE  
);
success!
timestamp: 2016-10-27T19:28:55.048886
CREATE TABLE t_comunidad_archive(
    id INTEGER PRIMARY KEY AUTOINCREMENT,
    f_nombre CHAR(512) NOT NULL,
    f_estado CHAR(512) NOT NULL DEFAULT 'Activo',
    is_active CHAR(1),
    created_on TIMESTAMP,
    created_by INTEGER REFERENCES auth_user (id) ON DELETE CASCADE  ,
    modified_on TIMESTAMP,
    modified_by INTEGER REFERENCES auth_user (id) ON DELETE CASCADE  ,
    current_record INTEGER REFERENCES t_comunidad (id) ON DELETE CASCADE  
);
success!
timestamp: 2016-10-27T19:28:55.592750
CREATE TABLE t_universitario(
    id INTEGER PRIMARY KEY AUTOINCREMENT,
    f_usbid CHAR(512) NOT NULL UNIQUE,
    f_key CHAR(512) NOT NULL,
    f_usuario INTEGER REFERENCES auth_user (id) ON DELETE CASCADE  NOT NULL ,
    f_sede INTEGER REFERENCES t_sede (id) ON DELETE CASCADE  NOT NULL 
);
success!
timestamp: 2016-10-27T19:28:56.240033
CREATE TABLE t_universitario_archive(
    id INTEGER PRIMARY KEY AUTOINCREMENT,
    f_usbid CHAR(512) NOT NULL UNIQUE,
    f_key CHAR(512) NOT NULL,
    f_usuario INTEGER REFERENCES auth_user (id) ON DELETE CASCADE  NOT NULL ,
    f_sede INTEGER REFERENCES t_sede (id) ON DELETE CASCADE  NOT NULL ,
    current_record INTEGER REFERENCES t_universitario (id) ON DELETE CASCADE  
);
success!
timestamp: 2016-10-27T19:28:56.917304
CREATE TABLE t_docente(
    id INTEGER PRIMARY KEY AUTOINCREMENT,
    f_universitario INTEGER REFERENCES t_universitario (id) ON DELETE CASCADE  NOT NULL  UNIQUE,
    f_departamento CHAR(512) NOT NULL
);
success!
timestamp: 2016-10-27T19:28:57.464377
CREATE TABLE t_docente_archive(
    id INTEGER PRIMARY KEY AUTOINCREMENT,
    f_universitario INTEGER REFERENCES t_universitario (id) ON DELETE CASCADE  NOT NULL  UNIQUE,
    f_departamento CHAR(512) NOT NULL,
    current_record INTEGER REFERENCES t_docente (id) ON DELETE CASCADE  
);
success!
timestamp: 2016-10-27T19:28:58.040050
CREATE TABLE t_area(
    id INTEGER PRIMARY KEY AUTOINCREMENT,
    f_nombre CHAR(512) NOT NULL,
    f_descripcion CHAR(512),
    f_codigo CHAR(512) NOT NULL,
    f_estado CHAR(512) NOT NULL DEFAULT 'Activo',
    is_active CHAR(1),
    created_on TIMESTAMP,
    created_by INTEGER REFERENCES auth_user (id) ON DELETE CASCADE  ,
    modified_on TIMESTAMP,
    modified_by INTEGER REFERENCES auth_user (id) ON DELETE CASCADE  
);
success!
timestamp: 2016-10-27T19:28:58.517983
CREATE TABLE t_area_archive(
    id INTEGER PRIMARY KEY AUTOINCREMENT,
    f_nombre CHAR(512) NOT NULL,
    f_descripcion CHAR(512),
    f_codigo CHAR(512) NOT NULL,
    f_estado CHAR(512) NOT NULL DEFAULT 'Activo',
    is_active CHAR(1),
    created_on TIMESTAMP,
    created_by INTEGER REFERENCES auth_user (id) ON DELETE CASCADE  ,
    modified_on TIMESTAMP,
    modified_by INTEGER REFERENCES auth_user (id) ON DELETE CASCADE  ,
    current_record INTEGER REFERENCES t_area (id) ON DELETE CASCADE  
);
success!
timestamp: 2016-10-27T19:28:58.961958
CREATE TABLE t_area_carrera(
    id INTEGER PRIMARY KEY AUTOINCREMENT,
    f_nombre CHAR(512) NOT NULL,
    f_estado CHAR(512) NOT NULL DEFAULT 'Activo',
    is_active CHAR(1),
    created_on TIMESTAMP,
    created_by INTEGER REFERENCES auth_user (id) ON DELETE CASCADE  ,
    modified_on TIMESTAMP,
    modified_by INTEGER REFERENCES auth_user (id) ON DELETE CASCADE  
);
success!
timestamp: 2016-10-27T19:28:59.603044
CREATE TABLE t_area_carrera_archive(
    id INTEGER PRIMARY KEY AUTOINCREMENT,
    f_nombre CHAR(512) NOT NULL,
    f_estado CHAR(512) NOT NULL DEFAULT 'Activo',
    is_active CHAR(1),
    created_on TIMESTAMP,
    created_by INTEGER REFERENCES auth_user (id) ON DELETE CASCADE  ,
    modified_on TIMESTAMP,
    modified_by INTEGER REFERENCES auth_user (id) ON DELETE CASCADE  ,
    current_record INTEGER REFERENCES t_area_carrera (id) ON DELETE CASCADE  
);
success!
timestamp: 2016-10-27T19:29:00.112293
CREATE TABLE t_carrera(
    id INTEGER PRIMARY KEY AUTOINCREMENT,
    f_codigo CHAR(512) NOT NULL,
    f_area_carrera INTEGER REFERENCES t_area_carrera (id) ON DELETE CASCADE  NOT NULL ,
    f_nombre CHAR(512) NOT NULL DEFAULT '',
    f_estado CHAR(512) NOT NULL DEFAULT 'Activo',
    is_active CHAR(1),
    created_on TIMESTAMP,
    created_by INTEGER REFERENCES auth_user (id) ON DELETE CASCADE  ,
    modified_on TIMESTAMP,
    modified_by INTEGER REFERENCES auth_user (id) ON DELETE CASCADE  
);
success!
timestamp: 2016-10-27T19:29:00.803362
CREATE TABLE t_carrera_archive(
    id INTEGER PRIMARY KEY AUTOINCREMENT,
    f_codigo CHAR(512) NOT NULL,
    f_area_carrera INTEGER REFERENCES t_area_carrera (id) ON DELETE CASCADE  NOT NULL ,
    f_nombre CHAR(512) NOT NULL DEFAULT '',
    f_estado CHAR(512) NOT NULL DEFAULT 'Activo',
    is_active CHAR(1),
    created_on TIMESTAMP,
    created_by INTEGER REFERENCES auth_user (id) ON DELETE CASCADE  ,
    modified_on TIMESTAMP,
    modified_by INTEGER REFERENCES auth_user (id) ON DELETE CASCADE  ,
    current_record INTEGER REFERENCES t_carrera (id) ON DELETE CASCADE  
);
success!
timestamp: 2016-10-27T19:29:01.416659
CREATE TABLE t_estudiante(
    id INTEGER PRIMARY KEY AUTOINCREMENT,
    f_universitario INTEGER REFERENCES t_universitario (id) ON DELETE CASCADE  NOT NULL  UNIQUE,
    f_carrera INTEGER REFERENCES t_carrera (id) ON DELETE CASCADE  ,
    f_horas CHAR(512) NOT NULL DEFAULT '0'
);
success!
timestamp: 2016-10-27T19:29:02.132079
CREATE TABLE t_estudiante_archive(
    id INTEGER PRIMARY KEY AUTOINCREMENT,
    f_universitario INTEGER REFERENCES t_universitario (id) ON DELETE CASCADE  NOT NULL  UNIQUE,
    f_carrera INTEGER REFERENCES t_carrera (id) ON DELETE CASCADE  ,
    f_horas CHAR(512) NOT NULL DEFAULT '0',
    current_record INTEGER REFERENCES t_estudiante (id) ON DELETE CASCADE  
);
success!
timestamp: 2016-10-27T19:29:02.713144
CREATE TABLE t_proyecto(
    id INTEGER PRIMARY KEY AUTOINCREMENT,
    f_nombre CHAR(512),
    f_continuacion CHAR(1),
    f_resumen TEXT,
    f_relacion_planes TEXT,
    f_antecedentes TEXT,
    f_obj_generales TEXT,
    f_poblacion_beneficiaria TEXT,
    f_justificacion TEXT,
    f_logros_sociales TEXT,
    f_impacto_social TEXT,
    f_evaluacion TEXT,
    f_difusion_resultados TEXT,
    f_aplicacion_dir_ley TEXT,
    f_obj_aprendizaje TEXT,
    f_num_requeridos INTEGER,
    f_relevancia TEXT,
    f_originalidad TEXT,
    f_capacidad_ejecutora TEXT,
    f_asoc_externa TEXT,
    f_asoc_interna TEXT,
    f_incorporacion_estudiantes INTEGER,
    f_incorporacion_profesores INTEGER,
    f_incorporacion_empleados INTEGER,
    f_incorporacion_obreros INTEGER,
    f_area INTEGER REFERENCES t_area (id) ON DELETE CASCADE  ,
    f_area_carrera INTEGER REFERENCES t_area_carrera (id) ON DELETE CASCADE  ,
    f_estado INTEGER REFERENCES t_estado (id) ON DELETE CASCADE  ,
    f_fechaini DATE,
    f_fechafin DATE,
    f_comunidad INTEGER REFERENCES t_comunidad (id) ON DELETE CASCADE  
);
success!
timestamp: 2016-10-27T19:29:03.292344
CREATE TABLE t_proyecto_archive(
    id INTEGER PRIMARY KEY AUTOINCREMENT,
    f_nombre CHAR(512),
    f_continuacion CHAR(1),
    f_resumen TEXT,
    f_relacion_planes TEXT,
    f_antecedentes TEXT,
    f_obj_generales TEXT,
    f_poblacion_beneficiaria TEXT,
    f_justificacion TEXT,
    f_logros_sociales TEXT,
    f_impacto_social TEXT,
    f_evaluacion TEXT,
    f_difusion_resultados TEXT,
    f_aplicacion_dir_ley TEXT,
    f_obj_aprendizaje TEXT,
    f_num_requeridos INTEGER,
    f_relevancia TEXT,
    f_originalidad TEXT,
    f_capacidad_ejecutora TEXT,
    f_asoc_externa TEXT,
    f_asoc_interna TEXT,
    f_incorporacion_estudiantes INTEGER,
    f_incorporacion_profesores INTEGER,
    f_incorporacion_empleados INTEGER,
    f_incorporacion_obreros INTEGER,
    f_area INTEGER REFERENCES t_area (id) ON DELETE CASCADE  ,
    f_area_carrera INTEGER REFERENCES t_area_carrera (id) ON DELETE CASCADE  ,
    f_estado INTEGER REFERENCES t_estado (id) ON DELETE CASCADE  ,
    f_fechaini DATE,
    f_fechafin DATE,
    f_comunidad INTEGER REFERENCES t_comunidad (id) ON DELETE CASCADE  ,
    current_record INTEGER REFERENCES t_proyecto (id) ON DELETE CASCADE  
);
success!
timestamp: 2016-10-27T19:29:03.960362
CREATE TABLE t_objetivo(
    id INTEGER PRIMARY KEY AUTOINCREMENT,
    f_proyecto INTEGER REFERENCES t_proyecto (id) ON DELETE CASCADE  NOT NULL ,
    f_objetivo TEXT NOT NULL
);
success!
timestamp: 2016-10-27T19:29:04.351289
CREATE TABLE t_objetivo_archive(
    id INTEGER PRIMARY KEY AUTOINCREMENT,
    f_proyecto INTEGER REFERENCES t_proyecto (id) ON DELETE CASCADE  NOT NULL ,
    f_objetivo TEXT NOT NULL,
    current_record INTEGER REFERENCES t_objetivo (id) ON DELETE CASCADE  
);
success!
timestamp: 2016-10-27T19:29:04.976727
CREATE TABLE t_proyecto_sede(
    id INTEGER PRIMARY KEY AUTOINCREMENT,
    f_proyecto INTEGER REFERENCES t_proyecto (id) ON DELETE CASCADE  ,
    f_sede INTEGER REFERENCES t_sede (id) ON DELETE CASCADE  
);
success!
timestamp: 2016-10-27T19:29:05.678815
CREATE TABLE t_proyecto_sede_archive(
    id INTEGER PRIMARY KEY AUTOINCREMENT,
    f_proyecto INTEGER REFERENCES t_proyecto (id) ON DELETE CASCADE  ,
    f_sede INTEGER REFERENCES t_sede (id) ON DELETE CASCADE  ,
    current_record INTEGER REFERENCES t_proyecto_sede (id) ON DELETE CASCADE  
);
success!
timestamp: 2016-10-27T19:29:06.413739
CREATE TABLE t_proyecto_tutor(
    id INTEGER PRIMARY KEY AUTOINCREMENT,
    f_proyecto INTEGER REFERENCES t_proyecto (id) ON DELETE CASCADE  ,
    f_tutor INTEGER REFERENCES auth_user (id) ON DELETE CASCADE  
);
success!
timestamp: 2016-10-27T19:29:06.884423
CREATE TABLE t_proyecto_tutor_archive(
    id INTEGER PRIMARY KEY AUTOINCREMENT,
    f_proyecto INTEGER REFERENCES t_proyecto (id) ON DELETE CASCADE  ,
    f_tutor INTEGER REFERENCES auth_user (id) ON DELETE CASCADE  ,
    current_record INTEGER REFERENCES t_proyecto_tutor (id) ON DELETE CASCADE  
);
success!
timestamp: 2016-10-27T19:29:07.318260
CREATE TABLE t_proyecto_tutor_comunitario(
    id INTEGER PRIMARY KEY AUTOINCREMENT,
    f_proyecto INTEGER REFERENCES t_proyecto (id) ON DELETE CASCADE  ,
    f_tutor INTEGER REFERENCES auth_user (id) ON DELETE CASCADE  
);
success!
timestamp: 2016-10-27T19:29:07.622425
CREATE TABLE t_proyecto_tutor_comunitario_archive(
    id INTEGER PRIMARY KEY AUTOINCREMENT,
    f_proyecto INTEGER REFERENCES t_proyecto (id) ON DELETE CASCADE  ,
    f_tutor INTEGER REFERENCES auth_user (id) ON DELETE CASCADE  ,
    current_record INTEGER REFERENCES t_proyecto_tutor_comunitario (id) ON DELETE CASCADE  
);
success!
timestamp: 2016-10-27T19:29:07.881670
CREATE TABLE t_actividad(
    id INTEGER PRIMARY KEY AUTOINCREMENT,
    f_proyecto INTEGER REFERENCES t_proyecto (id) ON DELETE CASCADE  NOT NULL ,
    f_nombre CHAR(512) NOT NULL DEFAULT '',
    f_resumen TEXT,
    f_alumnos INTEGER,
    f_requerimientos TEXT,
    f_recursos TEXT,
    f_costo DOUBLE,
    f_recursos_propios TEXT,
    f_aportes_otros TEXT,
    f_aportes_dex TEXT,
    f_monto_total DOUBLE,
    is_active CHAR(1),
    created_on TIMESTAMP,
    created_by INTEGER REFERENCES auth_user (id) ON DELETE CASCADE  ,
    modified_on TIMESTAMP,
    modified_by INTEGER REFERENCES auth_user (id) ON DELETE CASCADE  
);
success!
timestamp: 2016-10-27T19:29:08.061331
CREATE TABLE t_actividad_archive(
    id INTEGER PRIMARY KEY AUTOINCREMENT,
    f_proyecto INTEGER REFERENCES t_proyecto (id) ON DELETE CASCADE  NOT NULL ,
    f_nombre CHAR(512) NOT NULL DEFAULT '',
    f_resumen TEXT,
    f_alumnos INTEGER,
    f_requerimientos TEXT,
    f_recursos TEXT,
    f_costo DOUBLE,
    f_recursos_propios TEXT,
    f_aportes_otros TEXT,
    f_aportes_dex TEXT,
    f_monto_total DOUBLE,
    is_active CHAR(1),
    created_on TIMESTAMP,
    created_by INTEGER REFERENCES auth_user (id) ON DELETE CASCADE  ,
    modified_on TIMESTAMP,
    modified_by INTEGER REFERENCES auth_user (id) ON DELETE CASCADE  ,
    current_record INTEGER REFERENCES t_actividad (id) ON DELETE CASCADE  
);
success!
timestamp: 2016-10-27T19:29:08.260542
CREATE TABLE t_cursa(
    id INTEGER PRIMARY KEY AUTOINCREMENT,
    f_estudiante INTEGER REFERENCES t_estudiante (id) ON DELETE CASCADE  NOT NULL ,
    f_proyecto INTEGER REFERENCES t_proyecto (id) ON DELETE CASCADE  NOT NULL ,
    f_estado CHAR(512) NOT NULL DEFAULT 'Aprobado',
    f_valido CHAR(512) NOT NULL DEFAULT 'Invalido',
    f_fecha DATE,
    f_informe CHAR(512),
    f_actual CHAR(1) NOT NULL DEFAULT 'T',
    is_active CHAR(1),
    created_on TIMESTAMP,
    created_by INTEGER REFERENCES auth_user (id) ON DELETE CASCADE  ,
    modified_on TIMESTAMP,
    modified_by INTEGER REFERENCES auth_user (id) ON DELETE CASCADE  
);
success!
timestamp: 2016-10-27T19:29:08.439787
CREATE TABLE t_cursa_archive(
    id INTEGER PRIMARY KEY AUTOINCREMENT,
    f_estudiante INTEGER REFERENCES t_estudiante (id) ON DELETE CASCADE  NOT NULL ,
    f_proyecto INTEGER REFERENCES t_proyecto (id) ON DELETE CASCADE  NOT NULL ,
    f_estado CHAR(512) NOT NULL DEFAULT 'Aprobado',
    f_valido CHAR(512) NOT NULL DEFAULT 'Invalido',
    f_fecha DATE,
    f_informe CHAR(512),
    f_actual CHAR(1) NOT NULL DEFAULT 'T',
    is_active CHAR(1),
    created_on TIMESTAMP,
    created_by INTEGER REFERENCES auth_user (id) ON DELETE CASCADE  ,
    modified_on TIMESTAMP,
    modified_by INTEGER REFERENCES auth_user (id) ON DELETE CASCADE  ,
    current_record INTEGER REFERENCES t_cursa (id) ON DELETE CASCADE  
);
success!
timestamp: 2016-10-27T19:29:08.606659
CREATE TABLE t_actividad_estudiante(
    id INTEGER PRIMARY KEY AUTOINCREMENT,
    f_cursa INTEGER REFERENCES t_cursa (id) ON DELETE CASCADE  NOT NULL ,
    f_actividad INTEGER REFERENCES t_actividad (id) ON DELETE CASCADE  NOT NULL ,
    f_horas CHAR(512) NOT NULL DEFAULT '0',
    f_realizada CHAR(1) NOT NULL DEFAULT 'F',
    f_confirmada CHAR(1) NOT NULL DEFAULT 'F'
);
success!
timestamp: 2016-10-27T19:29:08.763039
CREATE TABLE t_actividad_estudiante_archive(
    id INTEGER PRIMARY KEY AUTOINCREMENT,
    f_cursa INTEGER REFERENCES t_cursa (id) ON DELETE CASCADE  NOT NULL ,
    f_actividad INTEGER REFERENCES t_actividad (id) ON DELETE CASCADE  NOT NULL ,
    f_horas CHAR(512) NOT NULL DEFAULT '0',
    f_realizada CHAR(1) NOT NULL DEFAULT 'F',
    f_confirmada CHAR(1) NOT NULL DEFAULT 'F',
    current_record INTEGER REFERENCES t_actividad_estudiante (id) ON DELETE CASCADE  
);
success!
timestamp: 2016-10-27T19:29:08.897676
CREATE TABLE t_propuesta(
    id INTEGER PRIMARY KEY AUTOINCREMENT,
    f_proyecto INTEGER REFERENCES t_proyecto (id) ON DELETE CASCADE  NOT NULL ,
    f_estado_propuesta CHAR(512),
    f_observaciones TEXT,
    f_proponente INTEGER REFERENCES auth_user (id) ON DELETE CASCADE  ,
    is_active CHAR(1),
    created_on TIMESTAMP,
    created_by INTEGER REFERENCES auth_user (id) ON DELETE CASCADE  ,
    modified_on TIMESTAMP,
    modified_by INTEGER REFERENCES auth_user (id) ON DELETE CASCADE  
);
success!
timestamp: 2016-10-27T19:29:09.031012
CREATE TABLE t_propuesta_archive(
    id INTEGER PRIMARY KEY AUTOINCREMENT,
    f_proyecto INTEGER REFERENCES t_proyecto (id) ON DELETE CASCADE  NOT NULL ,
    f_estado_propuesta CHAR(512),
    f_observaciones TEXT,
    f_proponente INTEGER REFERENCES auth_user (id) ON DELETE CASCADE  ,
    is_active CHAR(1),
    created_on TIMESTAMP,
    created_by INTEGER REFERENCES auth_user (id) ON DELETE CASCADE  ,
    modified_on TIMESTAMP,
    modified_by INTEGER REFERENCES auth_user (id) ON DELETE CASCADE  ,
    current_record INTEGER REFERENCES t_propuesta (id) ON DELETE CASCADE  
);
success!
timestamp: 2016-10-27T19:29:09.165510
CREATE TABLE t_proyecto_aprobado(
    id INTEGER PRIMARY KEY AUTOINCREMENT,
    f_proyecto INTEGER REFERENCES t_proyecto (id) ON DELETE CASCADE  NOT NULL ,
    f_codigo CHAR(512) NOT NULL UNIQUE,
    f_estado_proyecto CHAR(512) NOT NULL DEFAULT 'Activo',
    is_active CHAR(1),
    created_on TIMESTAMP,
    created_by INTEGER REFERENCES auth_user (id) ON DELETE CASCADE  ,
    modified_on TIMESTAMP,
    modified_by INTEGER REFERENCES auth_user (id) ON DELETE CASCADE  
);
success!
timestamp: 2016-10-27T19:29:09.332370
CREATE TABLE t_proyecto_aprobado_archive(
    id INTEGER PRIMARY KEY AUTOINCREMENT,
    f_proyecto INTEGER REFERENCES t_proyecto (id) ON DELETE CASCADE  NOT NULL ,
    f_codigo CHAR(512) NOT NULL UNIQUE,
    f_estado_proyecto CHAR(512) NOT NULL DEFAULT 'Activo',
    is_active CHAR(1),
    created_on TIMESTAMP,
    created_by INTEGER REFERENCES auth_user (id) ON DELETE CASCADE  ,
    modified_on TIMESTAMP,
    modified_by INTEGER REFERENCES auth_user (id) ON DELETE CASCADE  ,
    current_record INTEGER REFERENCES t_proyecto_aprobado (id) ON DELETE CASCADE  
);
success!
timestamp: 2016-10-27T19:29:09.478087
CREATE TABLE t_plan_operativo(
    id INTEGER PRIMARY KEY AUTOINCREMENT,
    f_proyecto INTEGER REFERENCES t_proyecto (id) ON DELETE CASCADE  NOT NULL ,
    f_actividad INTEGER REFERENCES t_actividad (id) ON DELETE CASCADE  NOT NULL ,
    f_objetivo INTEGER REFERENCES t_objetivo (id) ON DELETE CASCADE  NOT NULL ,
    f_meta TEXT NOT NULL,
    f_tiempo INTEGER NOT NULL,
    f_recursos TEXT NOT NULL,
    f_resultados_esperados TEXT NOT NULL,
    f_responsable CHAR(512) NOT NULL
);
success!
timestamp: 2016-10-27T19:29:09.613534
CREATE TABLE t_plan_operativo_archive(
    id INTEGER PRIMARY KEY AUTOINCREMENT,
    f_proyecto INTEGER REFERENCES t_proyecto (id) ON DELETE CASCADE  NOT NULL ,
    f_actividad INTEGER REFERENCES t_actividad (id) ON DELETE CASCADE  NOT NULL ,
    f_objetivo INTEGER REFERENCES t_objetivo (id) ON DELETE CASCADE  NOT NULL ,
    f_meta TEXT NOT NULL,
    f_tiempo INTEGER NOT NULL,
    f_recursos TEXT NOT NULL,
    f_resultados_esperados TEXT NOT NULL,
    f_responsable CHAR(512) NOT NULL,
    current_record INTEGER REFERENCES t_plan_operativo (id) ON DELETE CASCADE  
);
success!
timestamp: 2016-10-27T19:29:09.771181
CREATE TABLE t_inscripcion(
    id INTEGER PRIMARY KEY AUTOINCREMENT,
    f_estudiante INTEGER REFERENCES t_estudiante (id) ON DELETE CASCADE  NOT NULL ,
    f_proyecto INTEGER REFERENCES t_proyecto (id) ON DELETE CASCADE  NOT NULL ,
    f_estado CHAR(512) NOT NULL DEFAULT 'Pendiente',
    f_horas CHAR(512) NOT NULL DEFAULT '30',
    f_actual CHAR(1),
    f_cursa INTEGER REFERENCES t_cursa (id) ON DELETE CASCADE  NOT NULL ,
    is_active CHAR(1),
    created_on TIMESTAMP,
    created_by INTEGER REFERENCES auth_user (id) ON DELETE CASCADE  ,
    modified_on TIMESTAMP,
    modified_by INTEGER REFERENCES auth_user (id) ON DELETE CASCADE  
);
success!
timestamp: 2016-10-27T19:29:09.928227
CREATE TABLE t_inscripcion_archive(
    id INTEGER PRIMARY KEY AUTOINCREMENT,
    f_estudiante INTEGER REFERENCES t_estudiante (id) ON DELETE CASCADE  NOT NULL ,
    f_proyecto INTEGER REFERENCES t_proyecto (id) ON DELETE CASCADE  NOT NULL ,
    f_estado CHAR(512) NOT NULL DEFAULT 'Pendiente',
    f_horas CHAR(512) NOT NULL DEFAULT '30',
    f_actual CHAR(1),
    f_cursa INTEGER REFERENCES t_cursa (id) ON DELETE CASCADE  NOT NULL ,
    is_active CHAR(1),
    created_on TIMESTAMP,
    created_by INTEGER REFERENCES auth_user (id) ON DELETE CASCADE  ,
    modified_on TIMESTAMP,
    modified_by INTEGER REFERENCES auth_user (id) ON DELETE CASCADE  ,
    current_record INTEGER REFERENCES t_inscripcion (id) ON DELETE CASCADE  
);
success!
timestamp: 2016-10-27T19:29:10.061671
CREATE TABLE t_fechas_tope(
    id INTEGER PRIMARY KEY AUTOINCREMENT,
    f_tipo CHAR(512) NOT NULL,
    f_fecha_inicial DATE NOT NULL,
    f_fecha_final DATE NOT NULL,
    is_active CHAR(1),
    created_on TIMESTAMP,
    created_by INTEGER REFERENCES auth_user (id) ON DELETE CASCADE  ,
    modified_on TIMESTAMP,
    modified_by INTEGER REFERENCES auth_user (id) ON DELETE CASCADE  
);
success!
timestamp: 2016-10-27T19:29:10.217488
CREATE TABLE t_fechas_tope_archive(
    id INTEGER PRIMARY KEY AUTOINCREMENT,
    f_tipo CHAR(512) NOT NULL,
    f_fecha_inicial DATE NOT NULL,
    f_fecha_final DATE NOT NULL,
    is_active CHAR(1),
    created_on TIMESTAMP,
    created_by INTEGER REFERENCES auth_user (id) ON DELETE CASCADE  ,
    modified_on TIMESTAMP,
    modified_by INTEGER REFERENCES auth_user (id) ON DELETE CASCADE  ,
    current_record INTEGER REFERENCES t_fechas_tope (id) ON DELETE CASCADE  
);
success!
timestamp: 2016-10-28T22:59:04.617701
CREATE TABLE t_correo_coordinador(
    id INTEGER PRIMARY KEY AUTOINCREMENT,
    f_email INTEGER REFERENCES t_proyecto (id) ON DELETE CASCADE  NOT NULL ,
    f_contrasena CHAR(512) NOT NULL UNIQUE,
    is_active CHAR(1),
    created_on TIMESTAMP,
    created_by INTEGER REFERENCES auth_user (id) ON DELETE CASCADE  ,
    modified_on TIMESTAMP,
    modified_by INTEGER REFERENCES auth_user (id) ON DELETE CASCADE  
);
success!
timestamp: 2016-10-28T23:24:14.784403
ALTER TABLE t_comunidad ADD f_estado CHAR(512) NOT NULL DEFAULT 'Activo';
success!
success!
success!
success!
success!
success!
success!
success!
success!
success!
success!
success!
success!
success!
success!
success!
success!
success!
success!
success!
success!
success!
success!
success!
success!
success!
success!
success!
success!
success!
success!
success!
success!
success!
success!
success!
success!
success!
success!
success!
success!
success!
success!
success!
success!
success!
success!
success!
success!
success!
success!
success!
success!
success!
success!
success!
success!
success!
success!
success!
success!
success!
success!
success!
success!
success!
success!
success!
success!
success!
success!
success!
success!
success!
success!
success!
success!
success!
success!
success!
success!
success!
success!
success!
success!
success!
success!
success!
success!
success!
success!
success!
success!
success!
success!
success!
success!
success!
success!
success!
success!
success!
success!
success!
success!
success!
success!
success!
success!
success!
success!
success!
success!
success!
success!
success!
success!
success!
success!
success!
success!
success!
success!
success!
success!
success!
success!
success!
success!
success!
success!
success!
success!
success!
success!
success!
success!
success!
success!
success!
success!
success!
success!
success!
success!
success!
success!
success!
success!
success!
success!
success!
success!
success!
success!
success!
success!
success!
success!
success!
success!
success!
success!
success!
success!
success!
success!
success!
success!
success!
success!
success!
success!
success!
success!
success!
success!
success!
success!
success!
success!
success!
success!
success!
success!
success!
success!
success!
success!
success!
success!
success!
success!
success!
success!
success!
success!
success!
success!
success!
success!
success!
success!
success!
success!
success!
success!
success!
success!
success!
success!
success!
success!
success!
success!
success!
success!
success!
success!
success!
success!
success!
success!
success!
success!
success!
success!
success!
success!
success!
success!
success!
success!
success!
success!
success!
success!
success!
success!
success!
success!
success!
success!
success!
success!
success!
success!
success!
success!
success!
success!
success!
success!
success!
success!
success!
success!
success!
success!
success!
success!
success!
success!
success!
success!
success!
success!
success!
success!
success!
success!
success!
success!
success!
success!
success!
success!
success!
success!
success!
success!
success!
success!
success!
success!
success!
success!
success!
success!
success!
success!
success!
success!
success!
success!
success!
success!
success!
success!
success!
success!
success!
success!
success!
success!
success!
success!
success!
success!
success!
success!
success!
success!
success!
success!
success!
success!
success!
success!
success!
success!
success!
success!
success!
success!
success!
success!
success!
success!
success!
success!
success!
success!
success!
success!
success!
success!
success!
success!
success!
success!
success!
success!
success!
success!
success!
success!
success!
success!
success!
success!
success!
success!
success!
success!
success!
success!
success!
success!
success!
success!
success!
success!
success!
success!
success!
success!
success!
success!
success!
success!
success!
success!
success!
success!
success!
success!
success!
success!
success!
success!
success!
success!
success!
success!
success!
success!
success!
success!
success!
success!
success!
success!
success!
success!
success!
success!
success!
success!
success!
success!
success!
success!
success!
success!
success!
success!
success!
success!
success!
success!
success!
success!
success!
success!
success!
success!
success!
success!
success!
success!
success!
success!
success!
success!
success!
success!
success!
success!
success!
success!
success!
success!
success!
success!
success!
success!
success!
success!
success!
success!
success!
success!
success!
success!
success!
success!
success!
success!
success!
success!
success!
success!
success!
success!
success!
success!
success!
success!
success!
success!
success!
success!
success!
success!
success!
success!
success!
success!
success!
success!
success!
success!
success!
success!
success!
success!
success!
success!
success!
success!
success!
success!
success!
success!
success!
success!
success!
success!
success!
success!
success!
success!
success!
success!
success!
success!
success!
success!
success!
success!
success!
success!
success!
success!
success!
success!
success!
success!
success!
success!
success!
success!
success!
success!
success!
success!
success!
success!
success!
success!
success!
success!
success!
success!
success!
success!
success!
success!
success!
success!
success!
success!
success!
success!
success!
success!
success!
success!
success!
success!
success!
success!
success!
success!
success!
success!
success!
success!
success!
success!
success!
success!
success!
success!
success!
success!
success!
success!
success!
success!
success!
success!
success!
success!
success!
success!
success!
success!
success!
success!
success!
success!
success!
success!
success!
success!
success!
success!
success!
success!
success!
success!
success!
success!
success!
success!
success!
success!
success!
success!
success!
success!
success!
success!
success!
success!
success!
success!
success!
success!
success!
success!
success!
success!
success!
success!
success!
success!
success!
success!
success!
success!
success!
success!
success!
success!
success!
success!
success!
success!
success!
success!
success!
success!
success!
success!
success!
success!
success!
success!
success!
success!
success!
success!
success!
success!
success!
success!
success!
success!
success!
success!
success!
success!
success!
success!
success!
success!
success!
success!
success!
success!
success!
success!
success!
success!
success!
success!
success!
success!
success!
success!
success!
success!
success!
success!
success!
success!
success!
success!
success!
success!
success!
success!
success!
success!
success!
success!
